Key Salvage inserted on list 4
Key Junk inserted on list 2
Key Garbage inserted on list 2
Key refuse inserted on list 5
Number of records in table = 4
Key waste inserted on list 1
Key scrap inserted on list 5
Key drivel inserted on list 0
Key refuse already exists
Key refuse already exists
Key Junk found on list 2, record = 2345678901
Key key doesn't exist
Key Salvage deleted from list 4
Key trash doesn't exist
Key scraps inserted on list 4
Key obsolete inserted on list 3
Key deprecated inserted on list 2
Key trash doesn't exist
Key Salvage doesn't exist
Key Salvage inserted on list 4
Key Junk found on list 2, record = 2345678901
Key refuse found on list 5, record = 4567890123
Key Salvage found on list 4, record = 1234567899
Number of records in table = 10
